Intel(R) Gen9 HD Graphics NEO
success
0
6320 5600 4944 4352 3824 3360 2960 2624 2352 2144 2000 1920 1904 1952 2064 2240 6320 7072 7824 8576 9328 10080 10832 11584 12336 13088 13840 14592 15344 16096 16848 17600 
7072 6320 5632 5008 4448 3952 3520 3152 2848 2608 2432 2320 2272 2288 2368 2512 5600 6320 7040 7760 8480 9200 9920 10640 11360 12080 12800 13520 14240 14960 15680 16400 
7824 7040 6320 5664 5072 4544 4080 3680 3344 3072 2864 2720 2640 2624 2672 2784 4944 5632 6320 7008 7696 8384 9072 9760 10448 11136 11824 12512 13200 13888 14576 15264 
8576 7760 7008 6320 5696 5136 4640 4208 3840 3536 3296 3120 3008 2960 2976 3056 4352 5008 5664 6320 6976 7632 8288 8944 9600 10256 10912 11568 12224 12880 13536 14192 
9328 8480 7696 6976 6320 5728 5200 4736 4336 4000 3728 3520 3376 3296 3280 3328 3824 4448 5072 5696 6320 6944 7568 8192 8816 9440 10064 10688 11312 11936 12560 13184 
10080 9200 8384 7632 6944 6320 5760 5264 4832 4464 4160 3920 3744 3632 3584 3600 3360 3952 4544 5136 5728 6320 6912 7504 8096 8688 9280 9872 10464 11056 11648 12240 
10832 9920 9072 8288 7568 6912 6320 5792 5328 4928 4592 4320 4112 3968 3888 3872 2960 3520 4080 4640 5200 5760 6320 6880 7440 8000 8560 9120 9680 10240 10800 11360 
11584 10640 9760 8944 8192 7504 6880 6320 5824 5392 5024 4720 4480 4304 4192 4144 2624 3152 3680 4208 4736 5264 5792 6320 6848 7376 7904 8432 8960 9488 10016 10544 
12336 11360 10448 9600 8816 8096 7440 6848 6320 5856 5456 5120 4848 4640 4496 4416 2352 2848 3344 3840 4336 4832 5328 5824 6320 6816 7312 7808 8304 8800 9296 9792 
13088 12080 11136 10256 9440 8688 8000 7376 6816 6320 5888 5520 5216 4976 4800 4688 2144 2608 3072 3536 4000 4464 4928 5392 5856 6320 6784 7248 7712 8176 8640 9104 
13840 12800 11824 10912 10064 9280 8560 7904 7312 6784 6320 5920 5584 5312 5104 4960 2000 2432 2864 3296 3728 4160 4592 5024 5456 5888 6320 6752 7184 7616 8048 8480 
14592 13520 12512 11568 10688 9872 9120 8432 7808 7248 6752 6320 5952 5648 5408 5232 1920 2320 2720 3120 3520 3920 4320 4720 5120 5520 5920 6320 6720 7120 7520 7920 
15344 14240 13200 12224 11312 10464 9680 8960 8304 7712 7184 6720 6320 5984 5712 5504 1904 2272 2640 3008 3376 3744 4112 4480 4848 5216 5584 5952 6320 6688 7056 7424 
16096 14960 13888 12880 11936 11056 10240 9488 8800 8176 7616 7120 6688 6320 6016 5776 1952 2288 2624 2960 3296 3632 3968 4304 4640 4976 5312 5648 5984 6320 6656 6992 
16848 15680 14576 13536 12560 11648 10800 10016 9296 8640 8048 7520 7056 6656 6320 6048 2064 2368 2672 2976 3280 3584 3888 4192 4496 4800 5104 5408 5712 6016 6320 6624 
17600 16400 15264 14192 13184 12240 11360 10544 9792 9104 8480 7920 7424 6992 6624 6320 2240 2512 2784 3056 3328 3600 3872 4144 4416 4688 4960 5232 5504 5776 6048 6320 
6320 7072 7824 8576 9328 10080 10832 11584 12336 13088 13840 14592 15344 16096 16848 17600 6320 5600 4944 4352 3824 3360 2960 2624 2352 2144 2000 1920 1904 1952 2064 2240 
5600 6320 7040 7760 8480 9200 9920 10640 11360 12080 12800 13520 14240 14960 15680 16400 7072 6320 5632 5008 4448 3952 3520 3152 2848 2608 2432 2320 2272 2288 2368 2512 
4944 5632 6320 7008 7696 8384 9072 9760 10448 11136 11824 12512 13200 13888 14576 15264 7824 7040 6320 5664 5072 4544 4080 3680 3344 3072 2864 2720 2640 2624 2672 2784 
4352 5008 5664 6320 6976 7632 8288 8944 9600 10256 10912 11568 12224 12880 13536 14192 8576 7760 7008 6320 5696 5136 4640 4208 3840 3536 3296 3120 3008 2960 2976 3056 
3824 4448 5072 5696 6320 6944 7568 8192 8816 9440 10064 10688 11312 11936 12560 13184 9328 8480 7696 6976 6320 5728 5200 4736 4336 4000 3728 3520 3376 3296 3280 3328 
3360 3952 4544 5136 5728 6320 6912 7504 8096 8688 9280 9872 10464 11056 11648 12240 10080 9200 8384 7632 6944 6320 5760 5264 4832 4464 4160 3920 3744 3632 3584 3600 
2960 3520 4080 4640 5200 5760 6320 6880 7440 8000 8560 9120 9680 10240 10800 11360 10832 9920 9072 8288 7568 6912 6320 5792 5328 4928 4592 4320 4112 3968 3888 3872 
2624 3152 3680 4208 4736 5264 5792 6320 6848 7376 7904 8432 8960 9488 10016 10544 11584 10640 9760 8944 8192 7504 6880 6320 5824 5392 5024 4720 4480 4304 4192 4144 
2352 2848 3344 3840 4336 4832 5328 5824 6320 6816 7312 7808 8304 8800 9296 9792 12336 11360 10448 9600 8816 8096 7440 6848 6320 5856 5456 5120 4848 4640 4496 4416 
2144 2608 3072 3536 4000 4464 4928 5392 5856 6320 6784 7248 7712 8176 8640 9104 13088 12080 11136 10256 9440 8688 8000 7376 6816 6320 5888 5520 5216 4976 4800 4688 
2000 2432 2864 3296 3728 4160 4592 5024 5456 5888 6320 6752 7184 7616 8048 8480 13840 12800 11824 10912 10064 9280 8560 7904 7312 6784 6320 5920 5584 5312 5104 4960 
1920 2320 2720 3120 3520 3920 4320 4720 5120 5520 5920 6320 6720 7120 7520 7920 14592 13520 12512 11568 10688 9872 9120 8432 7808 7248 6752 6320 5952 5648 5408 5232 
1904 2272 2640 3008 3376 3744 4112 4480 4848 5216 5584 5952 6320 6688 7056 7424 15344 14240 13200 12224 11312 10464 9680 8960 8304 7712 7184 6720 6320 5984 5712 5504 
1952 2288 2624 2960 3296 3632 3968 4304 4640 4976 5312 5648 5984 6320 6656 6992 16096 14960 13888 12880 11936 11056 10240 9488 8800 8176 7616 7120 6688 6320 6016 5776 
2064 2368 2672 2976 3280 3584 3888 4192 4496 4800 5104 5408 5712 6016 6320 6624 16848 15680 14576 13536 12560 11648 10800 10016 9296 8640 8048 7520 7056 6656 6320 6048 
2240 2512 2784 3056 3328 3600 3872 4144 4416 4688 4960 5232 5504 5776 6048 6320 17600 16400 15264 14192 13184 12240 11360 10544 9792 9104 8480 7920 7424 6992 6624 6320 
45750 ns elapsed